SF:/home/jonas/minktec/flutter/meta/filterinio/lib/src/tree/tree.dart
DA:12,2
DA:13,14
DA:14,4
DA:15,2
DA:17,4
DA:20,0
DA:21,0
DA:22,0
DA:23,0
DA:24,0
DA:25,0
DA:27,0
DA:31,0
DA:35,0
DA:36,0
DA:37,0
DA:38,0
DA:39,0
DA:45,2
DA:46,2
DA:47,4
DA:48,8
DA:49,4
DA:51,2
DA:52,2
DA:55,2
DA:60,2
DA:61,4
DA:62,4
DA:65,2
DA:69,4
DA:71,0
DA:74,4
DA:76,2
DA:80,2
DA:82,4
DA:83,2
DA:85,2
DA:88,4
DA:91,0
DA:92,0
DA:93,0
DA:94,0
DA:98,0
DA:100,0
DA:101,0
DA:102,0
DA:104,0
DA:106,0
DA:110,0
DA:111,0
DA:113,0
DA:114,0
DA:116,0
DA:118,0
DA:121,0
DA:122,0
LF:57
LH:25
end_of_record
SF:/home/jonas/minktec/flutter/meta/filterinio/lib/src/tree/nodes.dart
DA:6,2
DA:7,2
DA:9,2
DA:13,8
DA:17,2
DA:20,2
DA:21,0
DA:22,2
DA:24,8
DA:28,8
DA:41,2
DA:55,3
DA:62,9
LF:13
LH:12
end_of_record
SF:/home/jonas/minktec/flutter/meta/filterinio/lib/src/comparisons/binary.dart
DA:17,0
DA:19,0
DA:20,0
DA:21,0
DA:22,0
DA:23,0
DA:24,0
DA:27,0
DA:28,0
DA:30,2
DA:33,8
DA:34,5
DA:35,8
DA:36,4
DA:37,4
DA:38,4
DA:41,0
DA:43,0
DA:44,0
DA:45,0
DA:46,0
DA:47,0
DA:48,0
DA:51,2
DA:53,6
LF:25
LH:9
end_of_record
SF:/home/jonas/minktec/flutter/meta/filterinio/lib/src/comparisons/ternary.dart
DA:14,0
DA:16,0
DA:17,0
DA:18,0
DA:19,0
DA:22,0
DA:23,0
DA:25,2
DA:28,4
DA:29,8
DA:30,2
DA:31,4
DA:32,2
DA:33,4
DA:34,2
DA:35,4
DA:38,0
DA:40,0
DA:41,0
DA:42,0
DA:43,0
DA:46,2
DA:49,6
LF:23
LH:11
end_of_record
SF:/home/jonas/minktec/flutter/meta/filterinio/lib/src/connectives/unary.dart
DA:8,1
DA:10,1
DA:11,3
DA:15,0
DA:16,0
DA:17,0
LF:6
LH:3
end_of_record
SF:/home/jonas/minktec/flutter/meta/filterinio/lib/src/connectives/binary.dart
DA:12,1
DA:13,5
DA:14,4
DA:15,5
DA:16,0
DA:17,0
DA:20,2
DA:21,4
DA:22,2
DA:23,4
DA:24,0
DA:25,0
DA:30,1
DA:31,1
LF:14
LH:10
end_of_record
SF:/home/jonas/minktec/flutter/meta/filterinio/lib/src/dimensions/truth.dart
DA:4,2
DA:9,0
DA:10,0
LF:3
LH:1
end_of_record
SF:/home/jonas/minktec/flutter/meta/filterinio/lib/src/dimensions/binary_comparison.dart
DA:11,2
DA:18,2
DA:20,6
LF:3
LH:3
end_of_record
SF:/home/jonas/minktec/flutter/meta/filterinio/lib/src/dimensions/ternary_comparison.dart
DA:11,2
DA:19,2
DA:21,8
LF:3
LH:3
end_of_record
SF:/home/jonas/minktec/flutter/meta/filterinio/lib/src/dimensions/iterable.dart
DA:14,3
DA:16,5
DA:17,8
DA:18,5
DA:19,8
DA:20,6
DA:21,9
DA:22,9
DA:23,5
DA:24,6
DA:25,6
DA:26,6
DA:27,6
DA:28,6
DA:29,9
DA:30,18
DA:40,3
DA:47,3
DA:48,9
LF:19
LH:19
end_of_record
